\BOOKMARK [1][-]{section.1}{Versuchsziel}{}% 1
\BOOKMARK [1][-]{section.2}{Aufbau und Funktion}{}% 2
\BOOKMARK [1][-]{section.3}{Durchf\374hrung}{}% 3
\BOOKMARK [2][-]{subsection.3.1}{Kalibration}{section.3}% 4
\BOOKMARK [2][-]{subsection.3.2}{Untergrundmessung}{section.3}% 5
\BOOKMARK [2][-]{subsection.3.3}{Quellenspektrum}{section.3}% 6
\BOOKMARK [2][-]{subsection.3.4}{Extinktionswirkungsquerschnitt}{section.3}% 7
\BOOKMARK [2][-]{subsection.3.5}{Einlinienspektrum}{section.3}% 8
\BOOKMARK [2][-]{subsection.3.6}{Magnetische Hyperfeinstrukturaufspaltung}{section.3}% 9
\BOOKMARK [2][-]{subsection.3.7}{Elektrische Quadrupolaufspaltung}{section.3}% 10
\BOOKMARK [1][-]{section.4}{Ergebnisse}{}% 11
\BOOKMARK [2][-]{subsection.4.1}{Kalibration}{section.4}% 12
\BOOKMARK [2][-]{subsection.4.2}{Untergrundmessung}{section.4}% 13
\BOOKMARK [2][-]{subsection.4.3}{Quellenspektrum}{section.4}% 14
\BOOKMARK [2][-]{subsection.4.4}{Extinktionswirkungsquerschnitt}{section.4}% 15
\BOOKMARK [2][-]{subsection.4.5}{Einlinienspektrum}{section.4}% 16
\BOOKMARK [3][-]{subsubsection.4.5.1}{Linienbreite}{subsection.4.5}% 17
\BOOKMARK [3][-]{subsubsection.4.5.2}{Isomerieverschiebung}{subsection.4.5}% 18
\BOOKMARK [3][-]{subsubsection.4.5.3}{Vergleich mit Literaturwerten}{subsection.4.5}% 19
\BOOKMARK [2][-]{subsection.4.6}{Magnetische Hyperfeinstrukturaufspaltung}{section.4}% 20
\BOOKMARK [3][-]{subsubsection.4.6.1}{Magentfeldst\344rke}{subsection.4.6}% 21
\BOOKMARK [3][-]{subsubsection.4.6.2}{Magentisches Moment}{subsection.4.6}% 22
\BOOKMARK [3][-]{subsubsection.4.6.3}{relative Peakh\366he}{subsection.4.6}% 23
\BOOKMARK [3][-]{subsubsection.4.6.4}{Isomerieverschiebung}{subsection.4.6}% 24
\BOOKMARK [2][-]{subsection.4.7}{Elektrische Quadrupolaufspaltung}{section.4}% 25
\BOOKMARK [3][-]{subsubsection.4.7.1}{Quadrupolmoment}{subsection.4.7}% 26
\BOOKMARK [3][-]{subsubsection.4.7.2}{Isomerieverschiebung}{subsection.4.7}% 27
\BOOKMARK [1][-]{section.5}{Zusammenfassung}{}% 28
\BOOKMARK [1][-]{section.6}{Anhang}{}% 29
\BOOKMARK [2][-]{subsection.6.1}{Kalibration}{section.6}% 30
\BOOKMARK [2][-]{subsection.6.2}{Untergrundmessung}{section.6}% 31
\BOOKMARK [2][-]{subsection.6.3}{Extinktionswirkungsquerschnitt}{section.6}% 32
\BOOKMARK [2][-]{subsection.6.4}{Quellenspektrum}{section.6}% 33
\BOOKMARK [2][-]{subsection.6.5}{Einlinienspektrum}{section.6}% 34
\BOOKMARK [2][-]{subsection.6.6}{Hyperfeinstrukturaufspaltung}{section.6}% 35
\BOOKMARK [2][-]{subsection.6.7}{Quadrupolaufspaltung}{section.6}% 36
